<?xml version="1.0" encoding="UTF-8"?>
<!-- Generated by org.testng.reporters.JUnitXMLReporter -->
<testsuite hostname="Aspire-F5-573G" ignored="0" name="Surefire test" tests="4" failures="0" timestamp="10 сен 2018 09:18:57 GMT" time="59.986" errors="0">
  <testcase name="secondTestMethod" time="0.386" classname="com.dice.SecondTest"/>
  <testcase name="negativeTest" time="0.0" classname="com.dice.LoginTest">
    <skipped/>
  </testcase> <!-- negativeTest -->
  <testcase name="positiveTest" time="26.157" classname="com.dice.LoginTest"/>
  <testcase name="firstTestMethod" time="22.104" classname="com.dice.FirstTest"/>
</testsuite> <!-- Surefire test -->
