<?xml version="1.0" encoding="UTF-8"?>
<!-- Generated by org.testng.reporters.JUnitXMLReporter -->
<testsuite ignored="0" hostname="Aspire-F5-573G" failures="0" tests="3" name="LogInTest-RemoteChrome" time="27.294" errors="0" timestamp="28 сент. 2018 08:19:17 GMT">
  <testcase classname="stage.nur.LogInTest" name="positiveTest" time="6.53"/>
  <testcase classname="stage.nur.LogInTest" name="negativeTest" time="2.417"/>
  <testcase classname="stage.nur.LogInTest" name="negativeTest" time="2.658"/>
</testsuite> <!-- LogInTest-RemoteChrome -->
