<?xml version="1.0" encoding="UTF-8"?>
<!-- Generated by org.testng.reporters.JUnitXMLReporter -->
<testsuite ignored="2" hostname="Aspire-F5-573G" failures="0" tests="0" time="0.001" errors="0" timestamp="24 сент. 2018 08:05:59 GMT">
  <testcase classname="stage.nur.LogInTest" name="negativeTest" time="0.0">
    <ignored/>
  </testcase> <!-- negativeTest -->
  <testcase classname="stage.nur.LogInTest" name="positiveTest" time="0.0">
    <ignored/>
  </testcase> <!-- positiveTest -->
</testsuite>
