<?xml version="1.0" encoding="UTF-8"?>
<!-- Generated by org.testng.reporters.JUnitXMLReporter -->
<testsuite hostname="Aspire-F5-573G" ignored="0" name="LogInTest-FF" tests="3" failures="0" timestamp="21 сен 2018 13:54:12 GMT" time="47.747" errors="0">
  <testcase name="positiveTest" time="8.403" classname="stage.nur.LogInTest"/>
  <testcase name="negativeTest" time="6.138" classname="stage.nur.LogInTest"/>
  <testcase name="negativeTest" time="5.782" classname="stage.nur.LogInTest"/>
</testsuite> <!-- LogInTest-FF -->
