<?xml version="1.0" encoding="UTF-8"?>
<!-- Generated by org.testng.reporters.JUnitXMLReporter -->
<testsuite ignored="0" hostname="Aspire-F5-573G" failures="0" tests="3" name="LogInTest-Remote" time="29.675" errors="0" timestamp="01 окт. 2018 08:09:05 GMT">
  <testcase classname="stage.nur.LogInTest" name="positiveTest" time="6.181"/>
  <testcase classname="stage.nur.LogInTest" name="negativeTest" time="3.25"/>
  <testcase classname="stage.nur.LogInTest" name="negativeTest" time="3.42"/>
</testsuite> <!-- LogInTest-Remote -->
