<?xml version="1.0" encoding="UTF-8"?>
<!-- Generated by org.testng.reporters.JUnitXMLReporter -->
<testsuite ignored="0" hostname="Aspire-F5-573G" failures="0" tests="3" name="LogInTest-CH" time="27.183" errors="0" timestamp="14 сент. 2018 15:12:59 GMT">
  <testcase classname="stage.nur.LogInTest" name="positiveTest" time="7.407"/>
  <testcase classname="stage.nur.LogInTest" name="negativeTest" time="6.15"/>
  <testcase classname="stage.nur.LogInTest" name="negativeTest" time="7.608"/>
</testsuite> <!-- LogInTest-CH -->
