<?xml version="1.0" encoding="UTF-8"?>
<!-- Generated by org.testng.reporters.JUnitXMLReporter -->
<testsuite ignored="0" hostname="Aspire-F5-573G" failures="0" tests="3" name="LogInTest-FF" time="36.698" errors="0" timestamp="14 сент. 2018 15:25:41 GMT">
  <testcase classname="stage.nur.LogInTest" name="positiveTest" time="7.956"/>
  <testcase classname="stage.nur.LogInTest" name="negativeTest" time="5.166"/>
  <testcase classname="stage.nur.LogInTest" name="negativeTest" time="5.182"/>
</testsuite> <!-- LogInTest-FF -->
