<?xml version="1.0" encoding="UTF-8"?>
<testsuite xmlns:xsi="http://www.w3.org/2001/XMLSchema-instance" xsi:noNamespaceSchemaLocation="https://maven.apache.org/surefire/maven-surefire-plugin/xsd/surefire-test-report.xsd" name="TestSuite" time="37.287" tests="3" errors="0" skipped="0" failures="0">
  <properties>
[...]
</properties>
  <testcase name="positiveTest" classname="stage.nur.LogInTest" time="7.953"/>
  <testcase name="negativeTest" classname="stage.nur.LogInTest" time="5.165"/>
  <testcase name="negativeTest" classname="stage.nur.LogInTest" time="5.183"/>
</testsuite>