<?xml version="1.0" encoding="UTF-8"?>
<testng-results ignored="4" total="7" passed="3" failed="0" skipped="0">
  <reporter-output>
  </reporter-output>
  <suite started-at="2018-09-24T08:05:59Z" name="FirstTestSuite" finished-at="2018-09-24T08:06:25Z" duration-ms="25568">
    <groups>
      <group name="broken">
        <method signature="LogInTest.negativeTest(java.util.Map)[pri:2, instance:stage.nur.LogInTest@44a7bfbc]" name="negativeTest" class="stage.nur.LogInTest"/>
      </group> <!-- broken -->
      <group name="negative">
        <method signature="LogInTest.negativeTest(java.util.Map)[pri:2, instance:stage.nur.LogInTest@44a7bfbc]" name="negativeTest" class="stage.nur.LogInTest"/>
      </group> <!-- negative -->
      <group name="positive">
        <method signature="LogInTest.positiveTest()[pri:1, instance:stage.nur.LogInTest@44a7bfbc]" name="positiveTest" class="stage.nur.LogInTest"/>
      </group> <!-- positive -->
    </groups>
    <test started-at="2018-09-24T08:05:59Z" name="LogInTest-FF" finished-at="2018-09-24T08:05:59Z" duration-ms="7">
    </test> <!-- LogInTest-FF -->
    <test started-at="2018-09-24T08:05:59Z" name="LogInTest-CH" finished-at="2018-09-24T08:05:59Z" duration-ms="1">
    </test> <!-- LogInTest-CH -->
    <test started-at="2018-09-24T08:05:59Z" name="LogInTest-RemoteChrome" finished-at="2018-09-24T08:06:25Z" duration-ms="25437">
      <class name="stage.nur.LogInTest">
        <test-method is-config="true" signature="setUpClass(org.testng.ITestContext, java.lang.String)[pri:0, instance:stage.nur.LogInTest@44a7bfbc]" started-at="2018-09-24T08:05:59Z" name="setUpClass" finished-at="2018-09-24T08:06:05Z" duration-ms="5311" status="PASS">
          <params>
            <param index="0">
              <value>
                <![CDATA[org.testng.TestRunner@62230c58]]>
              </value>
            </param>
            <param index="1">
              <value>
                <![CDATA[remote]]>
              </value>
            </param>
          </params>
          <reporter-output>
          </reporter-output>
        </test-method> <!-- setUpClass -->
        <test-method signature="positiveTest()[pri:1, instance:stage.nur.LogInTest@44a7bfbc]" started-at="2018-09-24T08:06:05Z" name="positiveTest" finished-at="2018-09-24T08:06:10Z" duration-ms="5323" status="PASS">
          <reporter-output>
          </reporter-output>
        </test-method> <!-- positiveTest -->
        <test-method signature="negativeTest(java.util.Map)[pri:2, instance:stage.nur.LogInTest@44a7bfbc]" started-at="2018-09-24T08:06:10Z" name="negativeTest" data-provider="CsvDataProvider" finished-at="2018-09-24T08:06:12Z" duration-ms="1843" status="PASS">
          <params>
            <param index="0">
              <value>
                <![CDATA[{no=1, description=invalid email, password=P@sword1, email=admin@gmail.net}]]>
              </value>
            </param>
          </params>
          <reporter-output>
          </reporter-output>
        </test-method> <!-- negativeTest -->
        <test-method signature="negativeTest(java.util.Map)[pri:2, instance:stage.nur.LogInTest@44a7bfbc]" started-at="2018-09-24T08:06:12Z" name="negativeTest" data-provider="CsvDataProvider" finished-at="2018-09-24T08:06:15Z" duration-ms="2766" status="PASS">
          <params>
            <param index="0">
              <value>
                <![CDATA[{no=2, description=invalid password, password=P@sword5, email=admin@gmail.com}]]>
              </value>
            </param>
          </params>
          <reporter-output>
          </reporter-output>
        </test-method> <!-- negativeTest -->
        <test-method is-config="true" signature="methodTearDown()[pri:0, instance:stage.nur.LogInTest@44a7bfbc]" started-at="2018-09-24T08:06:15Z" name="methodTearDown" finished-at="2018-09-24T08:06:25Z" duration-ms="10145" status="PASS">
          <reporter-output>
          </reporter-output>
        </test-method> <!-- methodTearDown -->
      </class> <!-- stage.nur.LogInTest -->
    </test> <!-- LogInTest-RemoteChrome -->
  </suite> <!-- FirstTestSuite -->
</testng-results>
