<?xml version="1.0" encoding="UTF-8"?>
<testsuite xmlns:xsi="http://www.w3.org/2001/XMLSchema-instance" xsi:noNamespaceSchemaLocation="https://maven.apache.org/surefire/maven-surefire-plugin/xsd/surefire-test-report.xsd" name="com.dice.FirstTest" time="53.741" tests="2" errors="0" skipped="0" failures="0">
  <properties>
[...]
</properties>
  <testcase name="firstTestMethod" classname="com.dice.FirstTest" time="46.437"/>
  <testcase name="secondTestMethod" classname="com.dice.FirstTest" time="6.48"/>
</testsuite>